<?xml version="1.0" encoding="UTF-8"?>
<!-- Generated by org.testng.reporters.JUnitReportReporter -->
<testsuite hostname="ATMECSINLT-293" name="com.akshay.restassured.TestGet" tests="1" failures="0" timestamp="5 Sep 2019 11:54:22 GMT" time="2.592" errors="0">
  <testcase name="tc_01" time="2.592" classname="com.akshay.restassured.TestGet"/>
</testsuite> <!-- com.akshay.restassured.TestGet -->
